Loading .env from: /home/emir/Desktop/MicroServiceProjects/eshop-microservice/.env
[dotenv@17.2.3] injecting env (10) from .env -- tip: ⚙️  enable debug logging with { debug: true }
Listening at http://localhost:8080/api
[0mPOST /api/seller-registration [32m200[0m 4063.768 ms - 60[0m
[0mPOST /api/verify-seller [32m201[0m 1038.701 ms - 149[0m
[0mPOST /api/create-shop [32m201[0m 526.215 ms - 404[0m
[0mPOST /api/create-stripe-link [31m500[0m 839.726 ms - 33[0m
[0mPOST /api/seller-registration [32m200[0m 2510.800 ms - 60[0m
[0mPOST /api/verify-seller [32m201[0m 1175.359 ms - 149[0m
[0mPOST /api/create-shop [32m201[0m 706.232 ms - 404[0m
[0mPOST /api/create-stripe-link [31m500[0m 808.024 ms - 33[0m
[0mPOST /api/seller-registration [32m200[0m 4321.879 ms - 60[0m
[0mPOST /api/verify-seller [32m201[0m 1057.315 ms - 149[0m
[0mPOST /api/create-shop [32m201[0m 551.448 ms - 404[0m
[0mPOST /api/create-stripe-link [31m500[0m 933.960 ms - 33[0m
[0mPOST /api/seller-registration [33m400[0m 2241.135 ms - 69[0m
[0mPOST /api/seller-registration [32m200[0m 4142.377 ms - 60[0m
[0mPOST /api/verify-seller [32m201[0m 1013.175 ms - 149[0m
[0mPOST /api/create-shop [32m201[0m 528.476 ms - 400[0m
[0mPOST /api/create-stripe-link [31m500[0m 805.420 ms - 33[0m
[0mPOST /api/seller-registration [32m200[0m 4859.354 ms - 60[0m
[0mPOST /api/verify-seller [32m201[0m 1196.825 ms - 149[0m
[0mPOST /api/create-shop [32m201[0m 586.421 ms - 404[0m
[0mPOST /api/create-stripe-link [31m500[0m 946.917 ms - 33[0m
[0mPOST /api/create-stripe-link [0m-[0m - ms - -[0m
[0mPOST /api/create-stripe-link [0m-[0m - ms - -[0m
[0mPOST /api/create-stripe-link [0m-[0m - ms - -[0m
[0mPOST /api/seller-registration [32m200[0m 2354.781 ms - 60[0m
[0mPOST /api/verify-seller [32m201[0m 1070.856 ms - 149[0m
[0mPOST /api/create-shop [32m201[0m 510.386 ms - 404[0m
[0mPOST /api/create-stripe-link [31m500[0m 6143.250 ms - 33[0m
[0mPOST /api/create-stripe-link [32m200[0m 7377.832 ms - 79[0m
[0mPOST /api/create-stripe-link [32m200[0m 6690.470 ms - 79[0m
[0mPOST /api/create-stripe-link [32m200[0m 7027.945 ms - 79[0m
[0mPOST /api/create-stripe-link [32m200[0m 6986.877 ms - 79[0m
[0mPOST /api/create-stripe-link [32m200[0m 7970.821 ms - 79[0m
[0mPOST /api/create-stripe-link [0m-[0m - ms - -[0m
[0mPOST /api/create-stripe-link [0m-[0m - ms - -[0m
[0mPOST /api/create-stripe-link [0m-[0m - ms - -[0m
[0mPOST /api/login-seller [32m200[0m 2087.621 ms - 134[0m
[0mGET /api/logged-in-seller [33m401[0m 11.220 ms - 119[0m
[0mPOST /api/refresh-token [31m500[0m 11.287 ms - 33[0m
[0mGET /api/logged-in-seller [33m401[0m 3.432 ms - 119[0m
[0mPOST /api/refresh-token [31m500[0m 5.272 ms - 33[0m
[0mPOST /api/login-seller [32m200[0m 2063.189 ms - 134[0m
[0mGET /api/logged-in-seller [33m401[0m 4.778 ms - 119[0m
[0mPOST /api/refresh-token [31m500[0m 2.958 ms - 33[0m
[0mPOST /api/login-seller [32m200[0m 411.429 ms - 134[0m
[0mGET /api/logged-in-seller [33m401[0m 4.960 ms - 119[0m
[0mPOST /api/refresh-token [31m500[0m 4.298 ms - 33[0m
[0mGET /api/logged-in-seller [33m401[0m 12.499 ms - 119[0m
[0mPOST /api/refresh-token [31m500[0m 14.139 ms - 33[0m
[0mGET /api/logged-in-seller [31m500[0m 3.046 ms - 252[0m
Error: connect ECONNREFUSED 127.0.0.1:6001
    at TCPConnectWrap.afterConnect [as oncomplete] (node:net:1637:16)
[0mGET /api/logged-in-seller [31m500[0m 1.500 ms - 252[0m
Error: connect ECONNREFUSED 127.0.0.1:6001
    at TCPConnectWrap.afterConnect [as oncomplete] (node:net:1637:16)
[0mPOST /api/login-seller [31m500[0m 1.134 ms - 252[0m
Error: connect ECONNREFUSED 127.0.0.1:6001
    at TCPConnectWrap.afterConnect [as oncomplete] (node:net:1637:16)
[0mPOST /api/login-seller [31m500[0m 1.127 ms - 252[0m
Error: connect ECONNREFUSED 127.0.0.1:6001
    at TCPConnectWrap.afterConnect [as oncomplete] (node:net:1637:16)
[0mPOST /api/login-seller [31m500[0m 1.776 ms - 252[0m
Error: connect ECONNREFUSED 127.0.0.1:6001
    at TCPConnectWrap.afterConnect [as oncomplete] (node:net:1637:16)
[0mGET /api/logged-in-seller [31m500[0m 0.999 ms - 252[0m
Error: connect ECONNREFUSED 127.0.0.1:6001
    at TCPConnectWrap.afterConnect [as oncomplete] (node:net:1637:16)
[0mGET /api/logged-in-seller [31m500[0m 1.349 ms - 252[0m
Error: connect ECONNREFUSED 127.0.0.1:6001
    at TCPConnectWrap.afterConnect [as oncomplete] (node:net:1637:16)
[0mGET /api/logged-in-seller [31m500[0m 0.714 ms - 252[0m
Error: connect ECONNREFUSED 127.0.0.1:6001
    at TCPConnectWrap.afterConnect [as oncomplete] (node:net:1637:16)
[0mGET /api/logged-in-seller [31m500[0m 1.313 ms - 252[0m
Error: connect ECONNREFUSED 127.0.0.1:6001
    at TCPConnectWrap.afterConnect [as oncomplete] (node:net:1637:16)
[0mGET /api/logged-in-seller [31m500[0m 1.061 ms - 252[0m
Error: connect ECONNREFUSED 127.0.0.1:6001
    at TCPConnectWrap.afterConnect [as oncomplete] (node:net:1637:16)
[0mGET /api/logged-in-seller [31m500[0m 1.343 ms - 252[0m
Error: connect ECONNREFUSED 127.0.0.1:6001
    at TCPConnectWrap.afterConnect [as oncomplete] (node:net:1637:16)
[0mGET /api/logged-in-seller [31m500[0m 1.869 ms - 252[0m
Error: connect ECONNREFUSED 127.0.0.1:6001
    at TCPConnectWrap.afterConnect [as oncomplete] (node:net:1637:16)
[0mGET /api/logged-in-seller [31m500[0m 1.951 ms - 252[0m
Error: connect ECONNREFUSED 127.0.0.1:6001
    at TCPConnectWrap.afterConnect [as oncomplete] (node:net:1637:16)
[0mGET /api/logged-in-seller [31m500[0m 1.531 ms - 252[0m
Error: connect ECONNREFUSED 127.0.0.1:6001
    at TCPConnectWrap.afterConnect [as oncomplete] (node:net:1637:16)
[0mGET /api/logged-in-seller [31m500[0m 1.422 ms - 252[0m
Error: connect ECONNREFUSED 127.0.0.1:6001
    at TCPConnectWrap.afterConnect [as oncomplete] (node:net:1637:16)
[0mGET /api/logged-in-seller [31m500[0m 1.011 ms - 252[0m
Error: connect ECONNREFUSED 127.0.0.1:6001
    at TCPConnectWrap.afterConnect [as oncomplete] (node:net:1637:16)
[0mGET /api/logged-in-seller [31m500[0m 0.932 ms - 252[0m
Error: connect ECONNREFUSED 127.0.0.1:6001
    at TCPConnectWrap.afterConnect [as oncomplete] (node:net:1637:16)
[0mGET /api/logged-in-seller [31m500[0m 1.107 ms - 252[0m
Error: connect ECONNREFUSED 127.0.0.1:6001
    at TCPConnectWrap.afterConnect [as oncomplete] (node:net:1637:16)
[0mGET /api/logged-in-seller [31m500[0m 1.346 ms - 252[0m
Error: connect ECONNREFUSED 127.0.0.1:6001
    at TCPConnectWrap.afterConnect [as oncomplete] (node:net:1637:16)
[0mPOST /api/login-seller [31m500[0m 1.062 ms - 252[0m
Error: connect ECONNREFUSED 127.0.0.1:6001
    at TCPConnectWrap.afterConnect [as oncomplete] (node:net:1637:16)
[0mPOST /api/login-seller [31m500[0m 1.797 ms - 252[0m
Error: connect ECONNREFUSED 127.0.0.1:6001
    at TCPConnectWrap.afterConnect [as oncomplete] (node:net:1637:16)
[0mPOST /api/login-seller [31m500[0m 1.703 ms - 252[0m
Error: connect ECONNREFUSED 127.0.0.1:6001
    at TCPConnectWrap.afterConnect [as oncomplete] (node:net:1637:16)
[0mPOST /api/login-seller [31m500[0m 0.810 ms - 252[0m
Error: connect ECONNREFUSED 127.0.0.1:6001
    at TCPConnectWrap.afterConnect [as oncomplete] (node:net:1637:16)
[0mPOST /api/login-seller [31m500[0m 1.359 ms - 252[0m
Error: connect ECONNREFUSED 127.0.0.1:6001
    at TCPConnectWrap.afterConnect [as oncomplete] (node:net:1637:16)
[0mPOST /api/login-seller [31m500[0m 1.202 ms - 252[0m
Error: connect ECONNREFUSED 127.0.0.1:6001
    at TCPConnectWrap.afterConnect [as oncomplete] (node:net:1637:16)
[0mPOST /api/login-seller [31m500[0m 1.594 ms - 252[0m
Error: connect ECONNREFUSED 127.0.0.1:6001
    at TCPConnectWrap.afterConnect [as oncomplete] (node:net:1637:16)
[0mPOST /api/login-seller [31m500[0m 1.236 ms - 252[0m
Error: connect ECONNREFUSED 127.0.0.1:6001
    at TCPConnectWrap.afterConnect [as oncomplete] (node:net:1637:16)
[0mPOST /api/login-seller [32m200[0m 2098.818 ms - 134[0m
[0mGET /api/logged-in-seller [32m201[0m 529.959 ms - 762[0m
[0mGET /api/logged-in-seller [32m201[0m 371.841 ms - 762[0m
[0mGET /api/logged-in-seller [33m401[0m 2.686 ms - 152[0m
[0mPOST /api/refresh-token [31m500[0m 4.236 ms - 33[0m
[0mPOST /api/login-seller [32m200[0m 274.259 ms - 134[0m
[0mGET /api/logged-in-seller [32m201[0m 331.796 ms - 762[0m
[0mGET /api/logged-in-seller [32m201[0m 339.279 ms - 762[0m
[0mGET /api/logged-in-seller [32m201[0m 365.279 ms - 762[0m
[0mGET /api/logged-in-seller [32m201[0m 361.933 ms - 762[0m
[0mGET /api/logged-in-seller [32m201[0m 365.378 ms - 762[0m
[0mGET /api/logged-in-seller [32m201[0m 443.681 ms - 762[0m
[0mGET /api/logged-in-seller [32m201[0m 385.325 ms - 762[0m
[0mGET /api/logged-in-seller [32m201[0m 435.089 ms - 762[0m
[0mGET /api/logged-in-seller [32m201[0m 336.763 ms - 762[0m
[0mGET /api/logged-in-seller [32m201[0m 1094.665 ms - 762[0m
[0mGET /api/logged-in-seller [32m201[0m 360.221 ms - 762[0m
[0mGET /api/logged-in-seller [32m201[0m 321.435 ms - 762[0m
[0mGET /api/logged-in-seller [33m401[0m 3.817 ms - 152[0m
[0mPOST /api/refresh-token [31m500[0m 3.943 ms - 33[0m
[0mGET /api/logged-in-seller [33m401[0m 2.465 ms - 152[0m
[0mPOST /api/refresh-token [31m500[0m 3.489 ms - 33[0m
[0mPOST /api/login-seller [32m200[0m 301.334 ms - 134[0m
[0mGET /api/logged-in-seller [32m201[0m 356.141 ms - 762[0m
[0mGET /api/logged-in-seller [32m201[0m 343.744 ms - 762[0m
[0mGET /api/logged-in-seller [32m201[0m 338.483 ms - 762[0m
[0mGET /api/logged-in-seller [32m201[0m 336.627 ms - 762[0m
[0mGET /api/logged-in-seller [32m201[0m 334.318 ms - 762[0m
[0mGET /api/logged-in-seller [32m201[0m 386.026 ms - 762[0m
[0mGET /api/logged-in-seller [32m201[0m 339.674 ms - 762[0m
[0mGET /api/logged-in-seller [32m201[0m 335.300 ms - 762[0m
[0mGET /api/logged-in-seller [32m201[0m 408.100 ms - 762[0m
[0mGET /api/logged-in-seller [32m201[0m 372.983 ms - 762[0m
[0mGET /api/logged-in-seller [33m401[0m 2.677 ms - 152[0m
[0mPOST /api/refresh-token [31m500[0m 2.549 ms - 33[0m
[0mPOST /api/login-seller [32m200[0m 295.594 ms - 134[0m
[0mGET /api/logged-in-seller [32m201[0m 346.068 ms - 762[0m
